<?xml version="1.0" encoding="UTF-8"?>
<testsuite xmlns:xsi="http://www.w3.org/2001/XMLSchema-instance" xsi:noNamespaceSchemaLocation="https://maven.apache.org/surefire/maven-surefire-plugin/xsd/surefire-test-report-3.0.xsd" version="3.0" name="com.tienda.CarritoServiceTest" time="0.101" tests="13" errors="0" skipped="0" failures="0">
  <properties>
[...]
</properties>
  <testcase name="testSubtotalCarritoVacio" classname="com.tienda.CarritoServiceTest" time="0.049"/>
  <testcase name="testDescuentoMayor100" classname="com.tienda.CarritoServiceTest" time="0.002"/>
  <testcase name="testEnvioMenor100" classname="com.tienda.CarritoServiceTest" time="0.001"/>
  <testcase name="testDescuentoNegativo" classname="com.tienda.CarritoServiceTest" time="0.0"/>
  <testcase name="testDescuentoValido" classname="com.tienda.CarritoServiceTest" time="0.001"/>
  <testcase name="testTotalSinDescuento" classname="com.tienda.CarritoServiceTest" time="0.002"/>
  <testcase name="testTotalConDescuento" classname="com.tienda.CarritoServiceTest" time="0.001"/>
  <testcase name="testDescuento100" classname="com.tienda.CarritoServiceTest" time="0.001"/>
  <testcase name="testSubtotalUnProducto" classname="com.tienda.CarritoServiceTest" time="0.001"/>
  <testcase name="testSubtotalVariosProductos" classname="com.tienda.CarritoServiceTest" time="0.001"/>
  <testcase name="testEnvioMayorIgual100" classname="com.tienda.CarritoServiceTest" time="0.001"/>
  <testcase name="testTotalConEnvioGratis" classname="com.tienda.CarritoServiceTest" time="0.001"/>
  <testcase name="testDescuentoCero" classname="com.tienda.CarritoServiceTest" time="0.0"/>
</testsuite>